<?xml version="1.0" encoding="UTF-8"?>
<!-- Generated by org.testng.reporters.JUnitReportReporter -->
<testsuite skipped="0" hostname="DESKTOP-2PJ77R5" name="Framework_TestNG.Assert_practice" tests="2" failures="0" timestamp="2022-10-13T16:33:17 IST" time="0.031" errors="0">
  <testcase name="softAssert" time="0.016" classname="Framework_TestNG.Assert_practice"/>
  <system-out/>
  <testcase name="hardAssert" time="0.015" classname="Framework_TestNG.Assert_practice"/>
  <system-out/>
</testsuite> <!-- Framework_TestNG.Assert_practice -->
