<?xml version="1.0" encoding="UTF-8"?>
<!-- Generated by org.testng.reporters.JUnitReportReporter -->
<testsuite skipped="0" hostname="DESKTOP-2PJ77R5" name="Framework_TestNG.GroupingExample" tests="6" failures="0" timestamp="2022-10-13T16:39:31 IST" time="0.011" errors="0">
  <testcase name="tc4" time="0.001" classname="Framework_TestNG.GroupingExample"/>
  <system-out/>
  <testcase name="tc2" time="0.002" classname="Framework_TestNG.GroupingExample"/>
  <system-out/>
  <testcase name="tc6" time="0.002" classname="Framework_TestNG.GroupingExample"/>
  <system-out/>
  <testcase name="tc3" time="0.002" classname="Framework_TestNG.GroupingExample"/>
  <system-out/>
  <testcase name="tc1" time="0.002" classname="Framework_TestNG.GroupingExample"/>
  <system-out/>
  <testcase name="tc5" time="0.002" classname="Framework_TestNG.GroupingExample"/>
  <system-out/>
</testsuite> <!-- Framework_TestNG.GroupingExample -->
