<?xml version="1.0" encoding="UTF-8"?>
<!-- Generated by org.testng.reporters.JUnitReportReporter -->
<testsuite skipped="0" hostname="DESKTOP-2PJ77R5" name="Framework_TestNG.sample1" tests="2" failures="0" timestamp="2022-10-13T16:39:31 IST" time="0.007" errors="0">
  <testcase name="method2" time="0.003" classname="Framework_TestNG.sample1"/>
  <system-out/>
  <testcase name="method1" time="0.004" classname="Framework_TestNG.sample1"/>
  <system-out/>
</testsuite> <!-- Framework_TestNG.sample1 -->
