<?xml version="1.0" encoding="UTF-8"?>
<!-- Generated by org.testng.reporters.JUnitReportReporter -->
<testsuite skipped="0" hostname="DESKTOP-2PJ77R5" name="Framework_TestNG.parameterExample" tests="2" failures="0" timestamp="2022-10-13T16:39:31 IST" time="0.087" errors="0">
  <testcase name="logoTest" time="0.078" classname="Framework_TestNG.parameterExample"/>
  <system-out/>
  <testcase name="homepageTitle" time="0.009" classname="Framework_TestNG.parameterExample"/>
  <system-out/>
</testsuite> <!-- Framework_TestNG.parameterExample -->
